{"/Users/lhotejc/developpement/mathalea/tests/e2e/helpers/filter.ts": {"path":"/Users/lhotejc/developpement/mathalea/tests/e2e/helpers/filter.ts","statementMap":{"0":{"start":{"line":1,"column":29},"end":{"line":1,"column":null}},"1":{"start":{"line":2,"column":33},"end":{"line":2,"column":null}},"2":{"start":{"line":3,"column":30},"end":{"line":3,"column":null}},"3":{"start":{"line":6,"column":60},"end":{"line":6,"column":null}},"4":{"start":{"line":10,"column":2},"end":{"line":10,"column":null}},"5":{"start":{"line":10,"column":31},"end":{"line":10,"column":null}},"6":{"start":{"line":12,"column":20},"end":{"line":12,"column":null}},"7":{"start":{"line":13,"column":30},"end":{"line":18,"column":null}},"8":{"start":{"line":19,"column":30},"end":{"line":24,"column":null}},"9":{"start":{"line":44,"column":2},"end":{"line":44,"column":null}},"10":{"start":{"line":45,"column":2},"end":{"line":45,"column":null}},"11":{"start":{"line":46,"column":2},"end":{"line":46,"column":null}},"12":{"start":{"line":47,"column":2},"end":{"line":47,"column":null}},"13":{"start":{"line":48,"column":2},"end":{"line":48,"column":null}},"14":{"start":{"line":53,"column":2},"end":{"line":56,"column":null}},"15":{"start":{"line":58,"column":2},"end":{"line":58,"column":null}},"16":{"start":{"line":61,"column":53},"end":{"line":61,"column":null}},"17":{"start":{"line":64,"column":2},"end":{"line":71,"column":null}},"18":{"start":{"line":65,"column":4},"end":{"line":70,"column":null}},"19":{"start":{"line":72,"column":2},"end":{"line":72,"column":null}},"20":{"start":{"line":76,"column":43},"end":{"line":76,"column":null}},"21":{"start":{"line":77,"column":2},"end":{"line":77,"column":null}},"22":{"start":{"line":77,"column":10},"end":{"line":77,"column":null}},"23":{"start":{"line":78,"column":16},"end":{"line":78,"column":null}},"24":{"start":{"line":79,"column":18},"end":{"line":79,"column":null}},"25":{"start":{"line":80,"column":42},"end":{"line":80,"column":null}},"26":{"start":{"line":81,"column":2},"end":{"line":87,"column":null}},"27":{"start":{"line":82,"column":4},"end":{"line":86,"column":null}},"28":{"start":{"line":84,"column":8},"end":{"line":84,"column":null}},"29":{"start":{"line":88,"column":2},"end":{"line":88,"column":null}},"30":{"start":{"line":92,"column":32},"end":{"line":92,"column":null}},"31":{"start":{"line":93,"column":2},"end":{"line":93,"column":null}},"32":{"start":{"line":93,"column":30},"end":{"line":93,"column":null}},"33":{"start":{"line":94,"column":16},"end":{"line":94,"column":null}},"34":{"start":{"line":108,"column":4},"end":{"line":114,"column":null}},"35":{"start":{"line":113,"column":6},"end":{"line":113,"column":null}},"36":{"start":{"line":115,"column":4},"end":{"line":115,"column":null}},"37":{"start":{"line":118,"column":19},"end":{"line":118,"column":null}},"38":{"start":{"line":121,"column":4},"end":{"line":121,"column":null}},"39":{"start":{"line":124,"column":4},"end":{"line":124,"column":null}},"40":{"start":{"line":127,"column":4},"end":{"line":127,"column":null}},"41":{"start":{"line":130,"column":4},"end":{"line":130,"column":null}},"42":{"start":{"line":131,"column":20},"end":{"line":131,"column":null}},"43":{"start":{"line":132,"column":22},"end":{"line":132,"column":null}},"44":{"start":{"line":133,"column":22},"end":{"line":133,"column":null}},"45":{"start":{"line":134,"column":20},"end":{"line":134,"column":null}},"46":{"start":{"line":135,"column":22},"end":{"line":135,"column":null}},"47":{"start":{"line":136,"column":41},"end":{"line":136,"column":null}},"48":{"start":{"line":137,"column":18},"end":{"line":137,"column":null}},"49":{"start":{"line":138,"column":2},"end":{"line":289,"column":null}},"50":{"start":{"line":139,"column":4},"end":{"line":153,"column":null}},"51":{"start":{"line":141,"column":21},"end":{"line":141,"column":null}},"52":{"start":{"line":142,"column":6},"end":{"line":152,"column":null}},"53":{"start":{"line":143,"column":8},"end":{"line":151,"column":null}},"54":{"start":{"line":150,"column":10},"end":{"line":150,"column":null}},"55":{"start":{"line":154,"column":4},"end":{"line":168,"column":null}},"56":{"start":{"line":156,"column":21},"end":{"line":156,"column":null}},"57":{"start":{"line":157,"column":6},"end":{"line":167,"column":null}},"58":{"start":{"line":158,"column":8},"end":{"line":166,"column":null}},"59":{"start":{"line":165,"column":10},"end":{"line":165,"column":null}},"60":{"start":{"line":169,"column":4},"end":{"line":183,"column":null}},"61":{"start":{"line":171,"column":21},"end":{"line":171,"column":null}},"62":{"start":{"line":172,"column":6},"end":{"line":182,"column":null}},"63":{"start":{"line":173,"column":8},"end":{"line":181,"column":null}},"64":{"start":{"line":180,"column":10},"end":{"line":180,"column":null}},"65":{"start":{"line":184,"column":4},"end":{"line":198,"column":null}},"66":{"start":{"line":186,"column":21},"end":{"line":186,"column":null}},"67":{"start":{"line":187,"column":6},"end":{"line":197,"column":null}},"68":{"start":{"line":188,"column":8},"end":{"line":196,"column":null}},"69":{"start":{"line":195,"column":10},"end":{"line":195,"column":null}},"70":{"start":{"line":199,"column":4},"end":{"line":213,"column":null}},"71":{"start":{"line":201,"column":21},"end":{"line":201,"column":null}},"72":{"start":{"line":202,"column":6},"end":{"line":212,"column":null}},"73":{"start":{"line":203,"column":8},"end":{"line":211,"column":null}},"74":{"start":{"line":210,"column":10},"end":{"line":210,"column":null}},"75":{"start":{"line":214,"column":4},"end":{"line":228,"column":null}},"76":{"start":{"line":216,"column":21},"end":{"line":216,"column":null}},"77":{"start":{"line":217,"column":6},"end":{"line":227,"column":null}},"78":{"start":{"line":218,"column":8},"end":{"line":226,"column":null}},"79":{"start":{"line":225,"column":10},"end":{"line":225,"column":null}},"80":{"start":{"line":229,"column":4},"end":{"line":243,"column":null}},"81":{"start":{"line":231,"column":21},"end":{"line":231,"column":null}},"82":{"start":{"line":232,"column":6},"end":{"line":242,"column":null}},"83":{"start":{"line":233,"column":8},"end":{"line":241,"column":null}},"84":{"start":{"line":240,"column":10},"end":{"line":240,"column":null}},"85":{"start":{"line":244,"column":4},"end":{"line":258,"column":null}},"86":{"start":{"line":246,"column":21},"end":{"line":246,"column":null}},"87":{"start":{"line":247,"column":6},"end":{"line":257,"column":null}},"88":{"start":{"line":248,"column":8},"end":{"line":256,"column":null}},"89":{"start":{"line":255,"column":10},"end":{"line":255,"column":null}},"90":{"start":{"line":259,"column":4},"end":{"line":273,"column":null}},"91":{"start":{"line":261,"column":21},"end":{"line":261,"column":null}},"92":{"start":{"line":262,"column":6},"end":{"line":272,"column":null}},"93":{"start":{"line":263,"column":8},"end":{"line":271,"column":null}},"94":{"start":{"line":270,"column":10},"end":{"line":270,"column":null}},"95":{"start":{"line":274,"column":4},"end":{"line":288,"column":null}},"96":{"start":{"line":276,"column":21},"end":{"line":276,"column":null}},"97":{"start":{"line":277,"column":6},"end":{"line":287,"column":null}},"98":{"start":{"line":278,"column":8},"end":{"line":286,"column":null}},"99":{"start":{"line":285,"column":10},"end":{"line":285,"column":null}},"100":{"start":{"line":290,"column":2},"end":{"line":290,"column":null}}},"fnMap":{"0":{"name":"loadStaticRef","decl":{"start":{"line":8,"column":16},"end":{"line":8,"column":62}},"loc":{"start":{"line":8,"column":62},"end":{"line":59,"column":null}},"line":8},"1":{"name":"loadUuid","decl":{"start":{"line":63,"column":9},"end":{"line":63,"column":51}},"loc":{"start":{"line":63,"column":51},"end":{"line":73,"column":null}},"line":63},"2":{"name":"findUuid","decl":{"start":{"line":75,"column":22},"end":{"line":75,"column":31}},"loc":{"start":{"line":75,"column":47},"end":{"line":89,"column":null}},"line":75},"3":{"name":"(anonymous_3)","decl":{"start":{"line":81,"column":18},"end":{"line":81,"column":19}},"loc":{"start":{"line":81,"column":25},"end":{"line":87,"column":3}},"line":81},"4":{"name":"(anonymous_4)","decl":{"start":{"line":83,"column":22},"end":{"line":83,"column":32}},"loc":{"start":{"line":83,"column":38},"end":{"line":85,"column":7}},"line":83},"5":{"name":"findStatic","decl":{"start":{"line":91,"column":22},"end":{"line":91,"column":33}},"loc":{"start":{"line":91,"column":49},"end":{"line":291,"column":null}},"line":91},"6":{"name":"getKey","decl":{"start":{"line":107,"column":11},"end":{"line":107,"column":27}},"loc":{"start":{"line":107,"column":70},"end":{"line":116,"column":null}},"line":107},"7":{"name":"(anonymous_7)","decl":{"start":{"line":138,"column":18},"end":{"line":138,"column":19}},"loc":{"start":{"line":138,"column":25},"end":{"line":289,"column":3}},"line":138},"8":{"name":"(anonymous_8)","decl":{"start":{"line":139,"column":37},"end":{"line":139,"column":38}},"loc":{"start":{"line":139,"column":52},"end":{"line":153,"column":5}},"line":139},"9":{"name":"(anonymous_9)","decl":{"start":{"line":142,"column":21},"end":{"line":142,"column":22}},"loc":{"start":{"line":142,"column":30},"end":{"line":152,"column":7}},"line":142},"10":{"name":"(anonymous_10)","decl":{"start":{"line":154,"column":38},"end":{"line":154,"column":39}},"loc":{"start":{"line":154,"column":53},"end":{"line":168,"column":5}},"line":154},"11":{"name":"(anonymous_11)","decl":{"start":{"line":157,"column":21},"end":{"line":157,"column":22}},"loc":{"start":{"line":157,"column":30},"end":{"line":167,"column":7}},"line":157},"12":{"name":"(anonymous_12)","decl":{"start":{"line":169,"column":38},"end":{"line":169,"column":39}},"loc":{"start":{"line":169,"column":53},"end":{"line":183,"column":5}},"line":169},"13":{"name":"(anonymous_13)","decl":{"start":{"line":172,"column":21},"end":{"line":172,"column":22}},"loc":{"start":{"line":172,"column":30},"end":{"line":182,"column":7}},"line":172},"14":{"name":"(anonymous_14)","decl":{"start":{"line":184,"column":40},"end":{"line":184,"column":41}},"loc":{"start":{"line":184,"column":55},"end":{"line":198,"column":5}},"line":184},"15":{"name":"(anonymous_15)","decl":{"start":{"line":187,"column":21},"end":{"line":187,"column":22}},"loc":{"start":{"line":187,"column":30},"end":{"line":197,"column":7}},"line":187},"16":{"name":"(anonymous_16)","decl":{"start":{"line":199,"column":40},"end":{"line":199,"column":41}},"loc":{"start":{"line":199,"column":55},"end":{"line":213,"column":5}},"line":199},"17":{"name":"(anonymous_17)","decl":{"start":{"line":202,"column":21},"end":{"line":202,"column":22}},"loc":{"start":{"line":202,"column":30},"end":{"line":212,"column":7}},"line":202},"18":{"name":"(anonymous_18)","decl":{"start":{"line":214,"column":38},"end":{"line":214,"column":39}},"loc":{"start":{"line":214,"column":53},"end":{"line":228,"column":5}},"line":214},"19":{"name":"(anonymous_19)","decl":{"start":{"line":217,"column":21},"end":{"line":217,"column":22}},"loc":{"start":{"line":217,"column":30},"end":{"line":227,"column":7}},"line":217},"20":{"name":"(anonymous_20)","decl":{"start":{"line":229,"column":40},"end":{"line":229,"column":41}},"loc":{"start":{"line":229,"column":55},"end":{"line":243,"column":5}},"line":229},"21":{"name":"(anonymous_21)","decl":{"start":{"line":232,"column":21},"end":{"line":232,"column":22}},"loc":{"start":{"line":232,"column":30},"end":{"line":242,"column":7}},"line":232},"22":{"name":"(anonymous_22)","decl":{"start":{"line":244,"column":40},"end":{"line":244,"column":41}},"loc":{"start":{"line":244,"column":55},"end":{"line":258,"column":5}},"line":244},"23":{"name":"(anonymous_23)","decl":{"start":{"line":247,"column":21},"end":{"line":247,"column":22}},"loc":{"start":{"line":247,"column":30},"end":{"line":257,"column":7}},"line":247},"24":{"name":"(anonymous_24)","decl":{"start":{"line":259,"column":38},"end":{"line":259,"column":39}},"loc":{"start":{"line":259,"column":53},"end":{"line":273,"column":5}},"line":259},"25":{"name":"(anonymous_25)","decl":{"start":{"line":262,"column":21},"end":{"line":262,"column":22}},"loc":{"start":{"line":262,"column":30},"end":{"line":272,"column":7}},"line":262},"26":{"name":"(anonymous_26)","decl":{"start":{"line":274,"column":40},"end":{"line":274,"column":41}},"loc":{"start":{"line":274,"column":55},"end":{"line":288,"column":5}},"line":274},"27":{"name":"(anonymous_27)","decl":{"start":{"line":277,"column":21},"end":{"line":277,"column":22}},"loc":{"start":{"line":277,"column":30},"end":{"line":287,"column":7}},"line":277}},"branchMap":{"0":{"loc":{"start":{"line":10,"column":2},"end":{"line":10,"column":null}},"type":"if","locations":[{"start":{"line":10,"column":2},"end":{"line":10,"column":null}},{"start":{},"end":{}}],"line":10},"1":{"loc":{"start":{"line":64,"column":2},"end":{"line":71,"column":null}},"type":"if","locations":[{"start":{"line":64,"column":2},"end":{"line":71,"column":null}},{"start":{},"end":{}}],"line":64},"2":{"loc":{"start":{"line":77,"column":2},"end":{"line":77,"column":null}},"type":"if","locations":[{"start":{"line":77,"column":2},"end":{"line":77,"column":null}},{"start":{},"end":{}}],"line":77},"3":{"loc":{"start":{"line":93,"column":2},"end":{"line":93,"column":null}},"type":"if","locations":[{"start":{"line":93,"column":2},"end":{"line":93,"column":null}},{"start":{},"end":{}}],"line":93},"4":{"loc":{"start":{"line":108,"column":4},"end":{"line":114,"column":null}},"type":"if","locations":[{"start":{"line":108,"column":4},"end":{"line":114,"column":null}},{"start":{},"end":{}}],"line":108},"5":{"loc":{"start":{"line":109,"column":6},"end":{"line":111,"column":null}},"type":"binary-expr","locations":[{"start":{"line":109,"column":6},"end":{"line":109,"column":null}},{"start":{"line":110,"column":6},"end":{"line":110,"column":null}},{"start":{"line":111,"column":6},"end":{"line":111,"column":null}}],"line":109},"6":{"loc":{"start":{"line":121,"column":4},"end":{"line":121,"column":null}},"type":"binary-expr","locations":[{"start":{"line":121,"column":4},"end":{"line":121,"column":65}},{"start":{"line":121,"column":65},"end":{"line":121,"column":null}}],"line":121},"7":{"loc":{"start":{"line":124,"column":4},"end":{"line":124,"column":null}},"type":"binary-expr","locations":[{"start":{"line":124,"column":4},"end":{"line":124,"column":62}},{"start":{"line":124,"column":62},"end":{"line":124,"column":null}}],"line":124},"8":{"loc":{"start":{"line":127,"column":4},"end":{"line":127,"column":null}},"type":"binary-expr","locations":[{"start":{"line":127,"column":4},"end":{"line":127,"column":62}},{"start":{"line":127,"column":62},"end":{"line":127,"column":null}}],"line":127},"9":{"loc":{"start":{"line":130,"column":4},"end":{"line":130,"column":null}},"type":"binary-expr","locations":[{"start":{"line":130,"column":4},"end":{"line":130,"column":65}},{"start":{"line":130,"column":65},"end":{"line":130,"column":null}}],"line":130},"10":{"loc":{"start":{"line":131,"column":20},"end":{"line":131,"column":null}},"type":"binary-expr","locations":[{"start":{"line":131,"column":20},"end":{"line":131,"column":78}},{"start":{"line":131,"column":78},"end":{"line":131,"column":null}}],"line":131},"11":{"loc":{"start":{"line":132,"column":22},"end":{"line":132,"column":null}},"type":"binary-expr","locations":[{"start":{"line":132,"column":22},"end":{"line":132,"column":78}},{"start":{"line":132,"column":78},"end":{"line":132,"column":null}}],"line":132},"12":{"loc":{"start":{"line":133,"column":22},"end":{"line":133,"column":null}},"type":"binary-expr","locations":[{"start":{"line":133,"column":22},"end":{"line":133,"column":76}},{"start":{"line":133,"column":76},"end":{"line":133,"column":null}}],"line":133},"13":{"loc":{"start":{"line":143,"column":8},"end":{"line":151,"column":null}},"type":"if","locations":[{"start":{"line":143,"column":8},"end":{"line":151,"column":null}},{"start":{},"end":{}}],"line":143},"14":{"loc":{"start":{"line":144,"column":10},"end":{"line":148,"column":null}},"type":"binary-expr","locations":[{"start":{"line":144,"column":10},"end":{"line":144,"column":null}},{"start":{"line":145,"column":10},"end":{"line":145,"column":null}},{"start":{"line":146,"column":10},"end":{"line":146,"column":null}},{"start":{"line":147,"column":10},"end":{"line":147,"column":null}},{"start":{"line":148,"column":10},"end":{"line":148,"column":null}}],"line":144},"15":{"loc":{"start":{"line":158,"column":8},"end":{"line":166,"column":null}},"type":"if","locations":[{"start":{"line":158,"column":8},"end":{"line":166,"column":null}},{"start":{},"end":{}}],"line":158},"16":{"loc":{"start":{"line":159,"column":10},"end":{"line":163,"column":null}},"type":"binary-expr","locations":[{"start":{"line":159,"column":10},"end":{"line":159,"column":null}},{"start":{"line":160,"column":10},"end":{"line":160,"column":null}},{"start":{"line":161,"column":10},"end":{"line":161,"column":null}},{"start":{"line":162,"column":10},"end":{"line":162,"column":null}},{"start":{"line":163,"column":10},"end":{"line":163,"column":null}}],"line":159},"17":{"loc":{"start":{"line":173,"column":8},"end":{"line":181,"column":null}},"type":"if","locations":[{"start":{"line":173,"column":8},"end":{"line":181,"column":null}},{"start":{},"end":{}}],"line":173},"18":{"loc":{"start":{"line":174,"column":10},"end":{"line":178,"column":null}},"type":"binary-expr","locations":[{"start":{"line":174,"column":10},"end":{"line":174,"column":null}},{"start":{"line":175,"column":10},"end":{"line":175,"column":null}},{"start":{"line":176,"column":10},"end":{"line":176,"column":null}},{"start":{"line":177,"column":10},"end":{"line":177,"column":null}},{"start":{"line":178,"column":10},"end":{"line":178,"column":null}}],"line":174},"19":{"loc":{"start":{"line":188,"column":8},"end":{"line":196,"column":null}},"type":"if","locations":[{"start":{"line":188,"column":8},"end":{"line":196,"column":null}},{"start":{},"end":{}}],"line":188},"20":{"loc":{"start":{"line":189,"column":10},"end":{"line":193,"column":null}},"type":"binary-expr","locations":[{"start":{"line":189,"column":10},"end":{"line":189,"column":null}},{"start":{"line":190,"column":10},"end":{"line":190,"column":null}},{"start":{"line":191,"column":10},"end":{"line":191,"column":null}},{"start":{"line":192,"column":10},"end":{"line":192,"column":null}},{"start":{"line":193,"column":10},"end":{"line":193,"column":null}}],"line":189},"21":{"loc":{"start":{"line":203,"column":8},"end":{"line":211,"column":null}},"type":"if","locations":[{"start":{"line":203,"column":8},"end":{"line":211,"column":null}},{"start":{},"end":{}}],"line":203},"22":{"loc":{"start":{"line":204,"column":10},"end":{"line":208,"column":null}},"type":"binary-expr","locations":[{"start":{"line":204,"column":10},"end":{"line":204,"column":null}},{"start":{"line":205,"column":10},"end":{"line":205,"column":null}},{"start":{"line":206,"column":10},"end":{"line":206,"column":null}},{"start":{"line":207,"column":10},"end":{"line":207,"column":null}},{"start":{"line":208,"column":10},"end":{"line":208,"column":null}}],"line":204},"23":{"loc":{"start":{"line":218,"column":8},"end":{"line":226,"column":null}},"type":"if","locations":[{"start":{"line":218,"column":8},"end":{"line":226,"column":null}},{"start":{},"end":{}}],"line":218},"24":{"loc":{"start":{"line":219,"column":10},"end":{"line":223,"column":null}},"type":"binary-expr","locations":[{"start":{"line":219,"column":10},"end":{"line":219,"column":null}},{"start":{"line":220,"column":10},"end":{"line":220,"column":null}},{"start":{"line":221,"column":10},"end":{"line":221,"column":null}},{"start":{"line":222,"column":10},"end":{"line":222,"column":null}},{"start":{"line":223,"column":10},"end":{"line":223,"column":null}}],"line":219},"25":{"loc":{"start":{"line":233,"column":8},"end":{"line":241,"column":null}},"type":"if","locations":[{"start":{"line":233,"column":8},"end":{"line":241,"column":null}},{"start":{},"end":{}}],"line":233},"26":{"loc":{"start":{"line":234,"column":10},"end":{"line":238,"column":null}},"type":"binary-expr","locations":[{"start":{"line":234,"column":10},"end":{"line":234,"column":null}},{"start":{"line":235,"column":10},"end":{"line":235,"column":null}},{"start":{"line":236,"column":10},"end":{"line":236,"column":null}},{"start":{"line":237,"column":10},"end":{"line":237,"column":null}},{"start":{"line":238,"column":10},"end":{"line":238,"column":null}}],"line":234},"27":{"loc":{"start":{"line":248,"column":8},"end":{"line":256,"column":null}},"type":"if","locations":[{"start":{"line":248,"column":8},"end":{"line":256,"column":null}},{"start":{},"end":{}}],"line":248},"28":{"loc":{"start":{"line":249,"column":10},"end":{"line":253,"column":null}},"type":"binary-expr","locations":[{"start":{"line":249,"column":10},"end":{"line":249,"column":null}},{"start":{"line":250,"column":10},"end":{"line":250,"column":null}},{"start":{"line":251,"column":10},"end":{"line":251,"column":null}},{"start":{"line":252,"column":10},"end":{"line":252,"column":null}},{"start":{"line":253,"column":10},"end":{"line":253,"column":null}}],"line":249},"29":{"loc":{"start":{"line":263,"column":8},"end":{"line":271,"column":null}},"type":"if","locations":[{"start":{"line":263,"column":8},"end":{"line":271,"column":null}},{"start":{},"end":{}}],"line":263},"30":{"loc":{"start":{"line":264,"column":10},"end":{"line":268,"column":null}},"type":"binary-expr","locations":[{"start":{"line":264,"column":10},"end":{"line":264,"column":null}},{"start":{"line":265,"column":10},"end":{"line":265,"column":null}},{"start":{"line":266,"column":10},"end":{"line":266,"column":null}},{"start":{"line":267,"column":10},"end":{"line":267,"column":null}},{"start":{"line":268,"column":10},"end":{"line":268,"column":null}}],"line":264},"31":{"loc":{"start":{"line":278,"column":8},"end":{"line":286,"column":null}},"type":"if","locations":[{"start":{"line":278,"column":8},"end":{"line":286,"column":null}},{"start":{},"end":{}}],"line":278},"32":{"loc":{"start":{"line":279,"column":10},"end":{"line":283,"column":null}},"type":"binary-expr","locations":[{"start":{"line":279,"column":10},"end":{"line":279,"column":null}},{"start":{"line":280,"column":10},"end":{"line":280,"column":null}},{"start":{"line":281,"column":10},"end":{"line":281,"column":null}},{"start":{"line":282,"column":10},"end":{"line":282,"column":null}},{"start":{"line":283,"column":10},"end":{"line":283,"column":null}}],"line":279}},"s":{"0":1,"1":1,"2":1,"3":1,"4":0,"5":0,"6":0,"7":0,"8":0,"9":0,"10":0,"11":0,"12":0,"13":0,"14":0,"15":0,"16":1,"17":1,"18":1,"19":1,"20":1,"21":1,"22":0,"23":1,"24":1,"25":1,"26":1,"27":1,"28":3414,"29":1,"30":0,"31":0,"32":0,"33":0,"34":0,"35":0,"36":0,"37":0,"38":0,"39":0,"40":0,"41":0,"42":0,"43":0,"44":0,"45":0,"46":0,"47":0,"48":0,"49":0,"50":0,"51":0,"52":0,"53":0,"54":0,"55":0,"56":0,"57":0,"58":0,"59":0,"60":0,"61":0,"62":0,"63":0,"64":0,"65":0,"66":0,"67":0,"68":0,"69":0,"70":0,"71":0,"72":0,"73":0,"74":0,"75":0,"76":0,"77":0,"78":0,"79":0,"80":0,"81":0,"82":0,"83":0,"84":0,"85":0,"86":0,"87":0,"88":0,"89":0,"90":0,"91":0,"92":0,"93":0,"94":0,"95":0,"96":0,"97":0,"98":0,"99":0,"100":0},"f":{"0":0,"1":1,"2":1,"3":1,"4":3414,"5":0,"6":0,"7":0,"8":0,"9":0,"10":0,"11":0,"12":0,"13":0,"14":0,"15":0,"16":0,"17":0,"18":0,"19":0,"20":0,"21":0,"22":0,"23":0,"24":0,"25":0,"26":0,"27":0},"b":{"0":[0,0],"1":[1,0],"2":[0,1],"3":[0,0],"4":[0,0],"5":[0,0,0],"6":[0,0],"7":[0,0],"8":[0,0],"9":[0,0],"10":[0,0],"11":[0,0],"12":[0,0],"13":[0,0],"14":[0,0,0,0,0],"15":[0,0],"16":[0,0,0,0,0],"17":[0,0],"18":[0,0,0,0,0],"19":[0,0],"20":[0,0,0,0,0],"21":[0,0],"22":[0,0,0,0,0],"23":[0,0],"24":[0,0,0,0,0],"25":[0,0],"26":[0,0,0,0,0],"27":[0,0],"28":[0,0,0,0,0],"29":[0,0],"30":[0,0,0,0,0],"31":[0,0],"32":[0,0,0,0,0]},"meta":{"lastBranch":33,"lastFunction":28,"lastStatement":101,"seen":{"s:1:29:1:Infinity":0,"s:2:33:2:Infinity":1,"s:3:30:3:Infinity":2,"s:6:60:6:Infinity":3,"f:8:16:8:62":0,"b:10:2:10:Infinity:undefined:undefined:undefined:undefined":0,"s:10:2:10:Infinity":4,"s:10:31:10:Infinity":5,"s:12:20:12:Infinity":6,"s:13:30:18:Infinity":7,"s:19:30:24:Infinity":8,"s:44:2:44:Infinity":9,"s:45:2:45:Infinity":10,"s:46:2:46:Infinity":11,"s:47:2:47:Infinity":12,"s:48:2:48:Infinity":13,"s:53:2:56:Infinity":14,"s:58:2:58:Infinity":15,"s:61:53:61:Infinity":16,"f:63:9:63:51":1,"b:64:2:71:Infinity:undefined:undefined:undefined:undefined":1,"s:64:2:71:Infinity":17,"s:65:4:70:Infinity":18,"s:72:2:72:Infinity":19,"f:75:22:75:31":2,"s:76:43:76:Infinity":20,"b:77:2:77:Infinity:undefined:undefined:undefined:undefined":2,"s:77:2:77:Infinity":21,"s:77:10:77:Infinity":22,"s:78:16:78:Infinity":23,"s:79:18:79:Infinity":24,"s:80:42:80:Infinity":25,"s:81:2:87:Infinity":26,"f:81:18:81:19":3,"s:82:4:86:Infinity":27,"f:83:22:83:32":4,"s:84:8:84:Infinity":28,"s:88:2:88:Infinity":29,"f:91:22:91:33":5,"s:92:32:92:Infinity":30,"b:93:2:93:Infinity:undefined:undefined:undefined:undefined":3,"s:93:2:93:Infinity":31,"s:93:30:93:Infinity":32,"s:94:16:94:Infinity":33,"f:107:11:107:27":6,"b:108:4:114:Infinity:undefined:undefined:undefined:undefined":4,"s:108:4:114:Infinity":34,"b:109:6:109:Infinity:110:6:110:Infinity:111:6:111:Infinity":5,"s:113:6:113:Infinity":35,"s:115:4:115:Infinity":36,"s:118:19:118:Infinity":37,"s:121:4:121:Infinity":38,"b:121:4:121:65:121:65:121:Infinity":6,"s:124:4:124:Infinity":39,"b:124:4:124:62:124:62:124:Infinity":7,"s:127:4:127:Infinity":40,"b:127:4:127:62:127:62:127:Infinity":8,"s:130:4:130:Infinity":41,"b:130:4:130:65:130:65:130:Infinity":9,"s:131:20:131:Infinity":42,"b:131:20:131:78:131:78:131:Infinity":10,"s:132:22:132:Infinity":43,"b:132:22:132:78:132:78:132:Infinity":11,"s:133:22:133:Infinity":44,"b:133:22:133:76:133:76:133:Infinity":12,"s:134:20:134:Infinity":45,"s:135:22:135:Infinity":46,"s:136:41:136:Infinity":47,"s:137:18:137:Infinity":48,"s:138:2:289:Infinity":49,"f:138:18:138:19":7,"s:139:4:153:Infinity":50,"f:139:37:139:38":8,"s:141:21:141:Infinity":51,"s:142:6:152:Infinity":52,"f:142:21:142:22":9,"b:143:8:151:Infinity:undefined:undefined:undefined:undefined":13,"s:143:8:151:Infinity":53,"b:144:10:144:Infinity:145:10:145:Infinity:146:10:146:Infinity:147:10:147:Infinity:148:10:148:Infinity":14,"s:150:10:150:Infinity":54,"s:154:4:168:Infinity":55,"f:154:38:154:39":10,"s:156:21:156:Infinity":56,"s:157:6:167:Infinity":57,"f:157:21:157:22":11,"b:158:8:166:Infinity:undefined:undefined:undefined:undefined":15,"s:158:8:166:Infinity":58,"b:159:10:159:Infinity:160:10:160:Infinity:161:10:161:Infinity:162:10:162:Infinity:163:10:163:Infinity":16,"s:165:10:165:Infinity":59,"s:169:4:183:Infinity":60,"f:169:38:169:39":12,"s:171:21:171:Infinity":61,"s:172:6:182:Infinity":62,"f:172:21:172:22":13,"b:173:8:181:Infinity:undefined:undefined:undefined:undefined":17,"s:173:8:181:Infinity":63,"b:174:10:174:Infinity:175:10:175:Infinity:176:10:176:Infinity:177:10:177:Infinity:178:10:178:Infinity":18,"s:180:10:180:Infinity":64,"s:184:4:198:Infinity":65,"f:184:40:184:41":14,"s:186:21:186:Infinity":66,"s:187:6:197:Infinity":67,"f:187:21:187:22":15,"b:188:8:196:Infinity:undefined:undefined:undefined:undefined":19,"s:188:8:196:Infinity":68,"b:189:10:189:Infinity:190:10:190:Infinity:191:10:191:Infinity:192:10:192:Infinity:193:10:193:Infinity":20,"s:195:10:195:Infinity":69,"s:199:4:213:Infinity":70,"f:199:40:199:41":16,"s:201:21:201:Infinity":71,"s:202:6:212:Infinity":72,"f:202:21:202:22":17,"b:203:8:211:Infinity:undefined:undefined:undefined:undefined":21,"s:203:8:211:Infinity":73,"b:204:10:204:Infinity:205:10:205:Infinity:206:10:206:Infinity:207:10:207:Infinity:208:10:208:Infinity":22,"s:210:10:210:Infinity":74,"s:214:4:228:Infinity":75,"f:214:38:214:39":18,"s:216:21:216:Infinity":76,"s:217:6:227:Infinity":77,"f:217:21:217:22":19,"b:218:8:226:Infinity:undefined:undefined:undefined:undefined":23,"s:218:8:226:Infinity":78,"b:219:10:219:Infinity:220:10:220:Infinity:221:10:221:Infinity:222:10:222:Infinity:223:10:223:Infinity":24,"s:225:10:225:Infinity":79,"s:229:4:243:Infinity":80,"f:229:40:229:41":20,"s:231:21:231:Infinity":81,"s:232:6:242:Infinity":82,"f:232:21:232:22":21,"b:233:8:241:Infinity:undefined:undefined:undefined:undefined":25,"s:233:8:241:Infinity":83,"b:234:10:234:Infinity:235:10:235:Infinity:236:10:236:Infinity:237:10:237:Infinity:238:10:238:Infinity":26,"s:240:10:240:Infinity":84,"s:244:4:258:Infinity":85,"f:244:40:244:41":22,"s:246:21:246:Infinity":86,"s:247:6:257:Infinity":87,"f:247:21:247:22":23,"b:248:8:256:Infinity:undefined:undefined:undefined:undefined":27,"s:248:8:256:Infinity":88,"b:249:10:249:Infinity:250:10:250:Infinity:251:10:251:Infinity:252:10:252:Infinity:253:10:253:Infinity":28,"s:255:10:255:Infinity":89,"s:259:4:273:Infinity":90,"f:259:38:259:39":24,"s:261:21:261:Infinity":91,"s:262:6:272:Infinity":92,"f:262:21:262:22":25,"b:263:8:271:Infinity:undefined:undefined:undefined:undefined":29,"s:263:8:271:Infinity":93,"b:264:10:264:Infinity:265:10:265:Infinity:266:10:266:Infinity:267:10:267:Infinity:268:10:268:Infinity":30,"s:270:10:270:Infinity":94,"s:274:4:288:Infinity":95,"f:274:40:274:41":26,"s:276:21:276:Infinity":96,"s:277:6:287:Infinity":97,"f:277:21:277:22":27,"b:278:8:286:Infinity:undefined:undefined:undefined:undefined":31,"s:278:8:286:Infinity":98,"b:279:10:279:Infinity:280:10:280:Infinity:281:10:281:Infinity:282:10:282:Infinity:283:10:283:Infinity":32,"s:285:10:285:Infinity":99,"s:290:2:290:Infinity":100}}}
,"/Users/lhotejc/developpement/mathalea/tests/e2e/helpers/log.ts": {"path":"/Users/lhotejc/developpement/mathalea/tests/e2e/helpers/log.ts","statementMap":{"0":{"start":{"line":3,"column":39},"end":{"line":3,"column":null}},"1":{"start":{"line":4,"column":30},"end":{"line":4,"column":null}},"2":{"start":{"line":10,"column":19},"end":{"line":10,"column":null}},"3":{"start":{"line":11,"column":18},"end":{"line":11,"column":null}},"4":{"start":{"line":14,"column":20},"end":{"line":14,"column":null}},"5":{"start":{"line":14,"column":41},"end":{"line":14,"column":null}},"6":{"start":{"line":15,"column":19},"end":{"line":18,"column":null}},"7":{"start":{"line":16,"column":2},"end":{"line":18,"column":null}},"8":{"start":{"line":22,"column":14},"end":{"line":22,"column":null}},"9":{"start":{"line":37,"column":17},"end":{"line":37,"column":null}},"10":{"start":{"line":39,"column":2},"end":{"line":39,"column":null}},"11":{"start":{"line":40,"column":18},"end":{"line":40,"column":null}},"12":{"start":{"line":42,"column":15},"end":{"line":42,"column":null}},"13":{"start":{"line":43,"column":13},"end":{"line":43,"column":null}},"14":{"start":{"line":44,"column":17},"end":{"line":46,"column":null}},"15":{"start":{"line":45,"column":4},"end":{"line":45,"column":null}},"16":{"start":{"line":47,"column":2},"end":{"line":47,"column":null}},"17":{"start":{"line":62,"column":2},"end":{"line":62,"column":null}},"18":{"start":{"line":62,"column":20},"end":{"line":62,"column":null}},"19":{"start":{"line":63,"column":21},"end":{"line":63,"column":null}},"20":{"start":{"line":64,"column":21},"end":{"line":71,"column":null}},"21":{"start":{"line":65,"column":19},"end":{"line":65,"column":null}},"22":{"start":{"line":66,"column":4},"end":{"line":67,"column":null}},"23":{"start":{"line":67,"column":6},"end":{"line":67,"column":null}},"24":{"start":{"line":68,"column":4},"end":{"line":68,"column":null}},"25":{"start":{"line":69,"column":4},"end":{"line":69,"column":null}},"26":{"start":{"line":70,"column":4},"end":{"line":70,"column":null}},"27":{"start":{"line":70,"column":20},"end":{"line":70,"column":null}},"28":{"start":{"line":75,"column":2},"end":{"line":97,"column":null}},"29":{"start":{"line":77,"column":6},"end":{"line":92,"column":null}},"30":{"start":{"line":79,"column":8},"end":{"line":91,"column":null}},"31":{"start":{"line":81,"column":12},"end":{"line":88,"column":null}},"32":{"start":{"line":82,"column":14},"end":{"line":87,"column":null}},"33":{"start":{"line":83,"column":16},"end":{"line":84,"column":null}},"34":{"start":{"line":84,"column":18},"end":{"line":84,"column":null}},"35":{"start":{"line":85,"column":16},"end":{"line":85,"column":null}},"36":{"start":{"line":85,"column":42},"end":{"line":85,"column":null}},"37":{"start":{"line":86,"column":16},"end":{"line":86,"column":null}},"38":{"start":{"line":89,"column":12},"end":{"line":89,"column":null}},"39":{"start":{"line":94,"column":6},"end":{"line":94,"column":null}},"40":{"start":{"line":97,"column":22},"end":{"line":97,"column":42}},"41":{"start":{"line":98,"column":2},"end":{"line":98,"column":null}},"42":{"start":{"line":102,"column":22},"end":{"line":102,"column":null}},"43":{"start":{"line":103,"column":16},"end":{"line":103,"column":null}},"44":{"start":{"line":104,"column":18},"end":{"line":104,"column":null}},"45":{"start":{"line":105,"column":18},"end":{"line":105,"column":null}},"46":{"start":{"line":106,"column":23},"end":{"line":106,"column":null}},"47":{"start":{"line":107,"column":25},"end":{"line":107,"column":null}},"48":{"start":{"line":108,"column":27},"end":{"line":108,"column":null}},"49":{"start":{"line":109,"column":27},"end":{"line":109,"column":null}},"50":{"start":{"line":110,"column":2},"end":{"line":110,"column":null}},"51":{"start":{"line":118,"column":16},"end":{"line":118,"column":null}},"52":{"start":{"line":118,"column":22},"end":{"line":118,"column":null}},"53":{"start":{"line":124,"column":19},"end":{"line":124,"column":null}},"54":{"start":{"line":129,"column":24},"end":{"line":129,"column":null}},"55":{"start":{"line":134,"column":26},"end":{"line":134,"column":null}},"56":{"start":{"line":139,"column":26},"end":{"line":139,"column":null}},"57":{"start":{"line":144,"column":28},"end":{"line":144,"column":null}}},"fnMap":{"0":{"name":"(anonymous_0)","decl":{"start":{"line":14,"column":20},"end":{"line":14,"column":21}},"loc":{"start":{"line":14,"column":41},"end":{"line":14,"column":null}},"line":14},"1":{"name":"(anonymous_1)","decl":{"start":{"line":15,"column":19},"end":{"line":15,"column":20}},"loc":{"start":{"line":16,"column":2},"end":{"line":18,"column":null}},"line":16},"2":{"name":"getFileLogger","decl":{"start":{"line":32,"column":16},"end":{"line":32,"column":null}},"loc":{"start":{"line":35,"column":10},"end":{"line":48,"column":null}},"line":35},"3":{"name":"(anonymous_3)","decl":{"start":{"line":44,"column":17},"end":{"line":44,"column":21}},"loc":{"start":{"line":44,"column":41},"end":{"line":46,"column":null}},"line":44},"4":{"name":"logSerializer","decl":{"start":{"line":61,"column":9},"end":{"line":61,"column":23}},"loc":{"start":{"line":61,"column":59},"end":{"line":99,"column":null}},"line":61},"5":{"name":"(anonymous_5)","decl":{"start":{"line":64,"column":21},"end":{"line":64,"column":22}},"loc":{"start":{"line":64,"column":42},"end":{"line":71,"column":null}},"line":64},"6":{"name":"(anonymous_6)","decl":{"start":{"line":76,"column":10},"end":{"line":76,"column":16}},"loc":{"start":{"line":76,"column":16},"end":{"line":95,"column":5}},"line":76},"7":{"name":"(anonymous_7)","decl":{"start":{"line":80,"column":19},"end":{"line":80,"column":20}},"loc":{"start":{"line":80,"column":28},"end":{"line":90,"column":11}},"line":80},"8":{"name":"(anonymous_8)","decl":{"start":{"line":82,"column":48},"end":{"line":82,"column":49}},"loc":{"start":{"line":82,"column":57},"end":{"line":87,"column":15}},"line":82},"9":{"name":"(anonymous_9)","decl":{"start":{"line":97,"column":11},"end":{"line":97,"column":12}},"loc":{"start":{"line":97,"column":22},"end":{"line":97,"column":42}},"line":97},"10":{"name":"getCurrentTime","decl":{"start":{"line":101,"column":9},"end":{"line":101,"column":26}},"loc":{"start":{"line":101,"column":26},"end":{"line":111,"column":null}},"line":101},"11":{"name":"(anonymous_11)","decl":{"start":{"line":118,"column":16},"end":{"line":118,"column":22}},"loc":{"start":{"line":118,"column":22},"end":{"line":118,"column":null}},"line":118}},"branchMap":{"0":{"loc":{"start":{"line":16,"column":2},"end":{"line":18,"column":null}},"type":"binary-expr","locations":[{"start":{"line":16,"column":2},"end":{"line":16,"column":null}},{"start":{"line":17,"column":2},"end":{"line":17,"column":null}},{"start":{"line":18,"column":2},"end":{"line":18,"column":null}}],"line":16},"1":{"loc":{"start":{"line":34,"column":2},"end":{"line":34,"column":null}},"type":"default-arg","locations":[{"start":{"line":34,"column":34},"end":{"line":34,"column":null}}],"line":34},"2":{"loc":{"start":{"line":42,"column":15},"end":{"line":42,"column":null}},"type":"cond-expr","locations":[{"start":{"line":42,"column":32},"end":{"line":42,"column":38}},{"start":{"line":42,"column":38},"end":{"line":42,"column":null}}],"line":42},"3":{"loc":{"start":{"line":62,"column":2},"end":{"line":62,"column":null}},"type":"if","locations":[{"start":{"line":62,"column":2},"end":{"line":62,"column":null}},{"start":{},"end":{}}],"line":62},"4":{"loc":{"start":{"line":66,"column":4},"end":{"line":67,"column":null}},"type":"if","locations":[{"start":{"line":66,"column":4},"end":{"line":67,"column":null}},{"start":{},"end":{}}],"line":66},"5":{"loc":{"start":{"line":66,"column":8},"end":{"line":66,"column":null}},"type":"binary-expr","locations":[{"start":{"line":66,"column":8},"end":{"line":66,"column":32}},{"start":{"line":66,"column":32},"end":{"line":66,"column":null}}],"line":66},"6":{"loc":{"start":{"line":70,"column":4},"end":{"line":70,"column":null}},"type":"if","locations":[{"start":{"line":70,"column":4},"end":{"line":70,"column":null}},{"start":{},"end":{}}],"line":70},"7":{"loc":{"start":{"line":77,"column":6},"end":{"line":92,"column":null}},"type":"if","locations":[{"start":{"line":77,"column":6},"end":{"line":92,"column":null}},{"start":{},"end":{}}],"line":77},"8":{"loc":{"start":{"line":81,"column":12},"end":{"line":88,"column":null}},"type":"if","locations":[{"start":{"line":81,"column":12},"end":{"line":88,"column":null}},{"start":{},"end":{}}],"line":81},"9":{"loc":{"start":{"line":83,"column":16},"end":{"line":84,"column":null}},"type":"if","locations":[{"start":{"line":83,"column":16},"end":{"line":84,"column":null}},{"start":{},"end":{}}],"line":83},"10":{"loc":{"start":{"line":83,"column":20},"end":{"line":83,"column":null}},"type":"binary-expr","locations":[{"start":{"line":83,"column":20},"end":{"line":83,"column":28}},{"start":{"line":83,"column":28},"end":{"line":83,"column":null}}],"line":83},"11":{"loc":{"start":{"line":85,"column":16},"end":{"line":85,"column":null}},"type":"if","locations":[{"start":{"line":85,"column":16},"end":{"line":85,"column":null}},{"start":{},"end":{}}],"line":85},"12":{"loc":{"start":{"line":107,"column":25},"end":{"line":107,"column":null}},"type":"cond-expr","locations":[{"start":{"line":107,"column":38},"end":{"line":107,"column":52}},{"start":{"line":107,"column":52},"end":{"line":107,"column":null}}],"line":107},"13":{"loc":{"start":{"line":108,"column":27},"end":{"line":108,"column":null}},"type":"cond-expr","locations":[{"start":{"line":108,"column":42},"end":{"line":108,"column":58}},{"start":{"line":108,"column":58},"end":{"line":108,"column":null}}],"line":108},"14":{"loc":{"start":{"line":109,"column":27},"end":{"line":109,"column":null}},"type":"cond-expr","locations":[{"start":{"line":109,"column":42},"end":{"line":109,"column":58}},{"start":{"line":109,"column":58},"end":{"line":109,"column":null}}],"line":109},"15":{"loc":{"start":{"line":139,"column":26},"end":{"line":139,"column":null}},"type":"cond-expr","locations":[{"start":{"line":139,"column":40},"end":{"line":139,"column":46}},{"start":{"line":139,"column":46},"end":{"line":139,"column":null}}],"line":139},"16":{"loc":{"start":{"line":144,"column":28},"end":{"line":144,"column":null}},"type":"cond-expr","locations":[{"start":{"line":144,"column":44},"end":{"line":144,"column":50}},{"start":{"line":144,"column":50},"end":{"line":144,"column":null}}],"line":144}},"s":{"0":1,"1":1,"2":1,"3":1,"4":1,"5":33,"6":1,"7":33,"8":1,"9":1,"10":1,"11":1,"12":1,"13":1,"14":1,"15":33,"16":1,"17":33,"18":0,"19":33,"20":33,"21":33,"22":33,"23":0,"24":33,"25":33,"26":33,"27":0,"28":33,"29":33,"30":0,"31":0,"32":0,"33":0,"34":0,"35":0,"36":0,"37":0,"38":0,"39":33,"40":0,"41":33,"42":33,"43":33,"44":33,"45":33,"46":33,"47":33,"48":33,"49":33,"50":33,"51":1,"52":0,"53":1,"54":1,"55":1,"56":1,"57":1},"f":{"0":33,"1":33,"2":1,"3":33,"4":33,"5":33,"6":33,"7":0,"8":0,"9":0,"10":33,"11":0},"b":{"0":[33,33,0],"1":[1],"2":[1,0],"3":[0,33],"4":[0,33],"5":[33,33],"6":[0,33],"7":[0,33],"8":[0,0],"9":[0,0],"10":[0,0],"11":[0,0],"12":[0,33],"13":[0,33],"14":[0,33],"15":[1,0],"16":[1,0]},"meta":{"lastBranch":17,"lastFunction":12,"lastStatement":58,"seen":{"s:3:39:3:Infinity":0,"s:4:30:4:Infinity":1,"s:10:19:10:Infinity":2,"s:11:18:11:Infinity":3,"s:14:20:14:Infinity":4,"f:14:20:14:21":0,"s:14:41:14:Infinity":5,"s:15:19:18:Infinity":6,"f:15:19:15:20":1,"s:16:2:18:Infinity":7,"b:16:2:16:Infinity:17:2:17:Infinity:18:2:18:Infinity":0,"s:22:14:22:Infinity":8,"f:32:16:32:Infinity":2,"b:34:34:34:Infinity":1,"s:37:17:37:Infinity":9,"s:39:2:39:Infinity":10,"s:40:18:40:Infinity":11,"s:42:15:42:Infinity":12,"b:42:32:42:38:42:38:42:Infinity":2,"s:43:13:43:Infinity":13,"s:44:17:46:Infinity":14,"f:44:17:44:21":3,"s:45:4:45:Infinity":15,"s:47:2:47:Infinity":16,"f:61:9:61:23":4,"b:62:2:62:Infinity:undefined:undefined:undefined:undefined":3,"s:62:2:62:Infinity":17,"s:62:20:62:Infinity":18,"s:63:21:63:Infinity":19,"s:64:21:71:Infinity":20,"f:64:21:64:22":5,"s:65:19:65:Infinity":21,"b:66:4:67:Infinity:undefined:undefined:undefined:undefined":4,"s:66:4:67:Infinity":22,"b:66:8:66:32:66:32:66:Infinity":5,"s:67:6:67:Infinity":23,"s:68:4:68:Infinity":24,"s:69:4:69:Infinity":25,"b:70:4:70:Infinity:undefined:undefined:undefined:undefined":6,"s:70:4:70:Infinity":26,"s:70:20:70:Infinity":27,"s:75:2:97:Infinity":28,"f:76:10:76:16":6,"b:77:6:92:Infinity:undefined:undefined:undefined:undefined":7,"s:77:6:92:Infinity":29,"s:79:8:91:Infinity":30,"f:80:19:80:20":7,"b:81:12:88:Infinity:undefined:undefined:undefined:undefined":8,"s:81:12:88:Infinity":31,"s:82:14:87:Infinity":32,"f:82:48:82:49":8,"b:83:16:84:Infinity:undefined:undefined:undefined:undefined":9,"s:83:16:84:Infinity":33,"b:83:20:83:28:83:28:83:Infinity":10,"s:84:18:84:Infinity":34,"b:85:16:85:Infinity:undefined:undefined:undefined:undefined":11,"s:85:16:85:Infinity":35,"s:85:42:85:Infinity":36,"s:86:16:86:Infinity":37,"s:89:12:89:Infinity":38,"s:94:6:94:Infinity":39,"f:97:11:97:12":9,"s:97:22:97:42":40,"s:98:2:98:Infinity":41,"f:101:9:101:26":10,"s:102:22:102:Infinity":42,"s:103:16:103:Infinity":43,"s:104:18:104:Infinity":44,"s:105:18:105:Infinity":45,"s:106:23:106:Infinity":46,"s:107:25:107:Infinity":47,"b:107:38:107:52:107:52:107:Infinity":12,"s:108:27:108:Infinity":48,"b:108:42:108:58:108:58:108:Infinity":13,"s:109:27:109:Infinity":49,"b:109:42:109:58:109:58:109:Infinity":14,"s:110:2:110:Infinity":50,"s:118:16:118:Infinity":51,"f:118:16:118:22":11,"s:118:22:118:Infinity":52,"s:124:19:124:Infinity":53,"s:129:24:129:Infinity":54,"s:134:26:134:Infinity":55,"s:139:26:139:Infinity":56,"b:139:40:139:46:139:46:139:Infinity":15,"s:144:28:144:Infinity":57,"b:144:44:144:50:144:50:144:Infinity":16}}}
,"/Users/lhotejc/developpement/mathalea/tests/e2e/helpers/prefs.ts": {"path":"/Users/lhotejc/developpement/mathalea/tests/e2e/helpers/prefs.ts","statementMap":{"0":{"start":{"line":6,"column":21},"end":{"line":18,"column":null}}},"fnMap":{},"branchMap":{},"s":{"0":1},"f":{},"b":{},"meta":{"lastBranch":0,"lastFunction":0,"lastStatement":1,"seen":{"s:6:21:18:Infinity":0}}}
,"/Users/lhotejc/developpement/mathalea/tests/e2e/helpers/store.ts": {"path":"/Users/lhotejc/developpement/mathalea/tests/e2e/helpers/store.ts","statementMap":{"0":{"start":{"line":2,"column":37},"end":{"line":2,"column":null}},"1":{"start":{"line":5,"column":4},"end":{"line":5,"column":null}},"2":{"start":{"line":9,"column":4},"end":{"line":9,"column":null}},"3":{"start":{"line":13,"column":21},"end":{"line":13,"column":null}}},"fnMap":{"0":{"name":"(anonymous_0)","decl":{"start":{"line":4,"column":2},"end":{"line":4,"column":6}},"loc":{"start":{"line":4,"column":35},"end":{"line":6,"column":null}},"line":4},"1":{"name":"(anonymous_1)","decl":{"start":{"line":8,"column":2},"end":{"line":8,"column":6}},"loc":{"start":{"line":8,"column":34},"end":{"line":10,"column":null}},"line":8}},"branchMap":{},"s":{"0":1,"1":0,"2":33,"3":1},"f":{"0":0,"1":33},"b":{},"meta":{"lastBranch":0,"lastFunction":2,"lastStatement":4,"seen":{"s:2:37:2:Infinity":0,"f:4:2:4:6":0,"s:5:4:5:Infinity":1,"f:8:2:8:6":1,"s:9:4:9:Infinity":2,"s:13:21:13:Infinity":3}}}
}
